<?xml version="1.0" encoding="UTF-8"?>
<testsuites name="TestSuites_2" time="344" tests="0" failures="1" errors="0">
   <testsuite name="TestSuites_2" tests="0" failures="1" errors="0" time="344" timestamp="2019-02-01 18:46:03" hostname="Mulki Sulaiman - FIB-PC001" id="Test Suites/TS_RegressionTest/Registration/TestSuites_2">
      <properties>
         <property name="deviceName" value=""/>
         <property name="devicePlatform" value=""/>
         <property name="logFolder" value="C:\\Users\\Mulki Sulaiman\\Documents\\ADX Asia\\Development\\ADX_Registrasi\\Reports\\TS_RegressionTest\\Registration\\TestSuites_2\\20190201_184544"/>
         <property name="logFiles" value="C:\\Users\\Mulki Sulaiman\\Documents\\ADX Asia\\Development\\ADX_Registrasi\\Reports\\TS_RegressionTest\\Registration\\TestSuites_2\\20190201_184544\\execution0.log"/>
         <property name="attachments" value=""/>
         <property name="hostName" value="Mulki Sulaiman - FIB-PC001"/>
         <property name="os" value="Windows 10 64bit"/>
         <property name="katalonVersion" value="5.10.0.1"/>
         <property name="browser" value="Chrome 71.0.3578.98"/>
         <property name="hostAddress" value="172.16.27.57"/>
         <property name="sessionId" value="937d7cd09d3afdbf4461e121defd6cb4"/>
         <property name="seleniumVersion" value="3.7.1"/>
         <property name="proxyInformation" value="ProxyInformation{proxyOption=NO_PROXY, proxyServerType=HTTP, password=, proxyServerAddress=, proxyServerPort=0}"/>
         <property name="platform" value="Windows 10"/>
      </properties>
      <testcase name="Test Cases/Registration_Page/Email_Registration/1.2/verify_user_signin_email_account" classname="Test Cases/Registration_Page/Email_Registration/1.2/verify_user_signin_email_account" status="FAILED">
         <failure type="FAILED" message="Test Cases/Registration_Page/Email_Registration/1.2/verify_user_signin_email_account FAILED.
Reason:
com.kms.katalon.core.exception.StepFailedException: Unable to wait for page load (Root cause: org.openqa.selenium.TimeoutException: Expected condition failed: waiting for com.kms.katalon.core.webui.keyword.builtin.WaitForPageLoadKeyword$1@2a22ad2b (tried for 3 second(s) with 500 MILLISECONDS interval))
	at com.kms.katalon.core.keyword.internal.KeywordMain.stepFailed(KeywordMain.groovy:36)
	at com.kms.katalon.core.webui.keyword.internal.WebUIKeywordMain.stepFailed(WebUIKeywordMain.groovy:65)
	at com.kms.katalon.core.webui.keyword.internal.WebUIKeywordMain.runKeyword(WebUIKeywordMain.groovy:27)
	at com.kms.katalon.core.webui.keyword.builtin.WaitForPageLoadKeyword.waitForPageLoad(WaitForPageLoadKeyword.groovy:72)
	at com.kms.katalon.core.webui.keyword.builtin.WaitForPageLoadKeyword.execute(WaitForPageLoadKeyword.groovy:67)
	at com.kms.katalon.core.keyword.internal.KeywordExecutor.executeKeywordForPlatform(KeywordExecutor.groovy:53)
	at com.kms.katalon.core.webui.keyword.WebUiBuiltInKeywords.waitForPageLoad(WebUiBuiltInKeywords.groovy:2427)
	at com.kms.katalon.core.webui.keyword.WebUiBuiltInKeywords$waitForPageLoad$6.call(Unknown Source)
	at verify_user_signin_email_account.run(verify_user_signin_email_account:44)
	at com.kms.katalon.core.main.ScriptEngine.run(ScriptEngine.java:194)
	at com.kms.katalon.core.main.ScriptEngine.runScriptAsRawText(ScriptEngine.java:119)
	at com.kms.katalon.core.main.TestCaseExecutor.runScript(TestCaseExecutor.java:328)
	at com.kms.katalon.core.main.TestCaseExecutor.doExecute(TestCaseExecutor.java:319)
	at com.kms.katalon.core.main.TestCaseExecutor.processExecutionPhase(TestCaseExecutor.java:298)
	at com.kms.katalon.core.main.TestCaseExecutor.accessMainPhase(TestCaseExecutor.java:290)
	at com.kms.katalon.core.main.TestCaseExecutor.execute(TestCaseExecutor.java:224)
	at com.kms.katalon.core.main.TestSuiteExecutor.accessTestCaseMainPhase(TestSuiteExecutor.java:129)
	at com.kms.katalon.core.main.TestSuiteExecutor.accessTestSuiteMainPhase(TestSuiteExecutor.java:112)
	at com.kms.katalon.core.main.TestSuiteExecutor.execute(TestSuiteExecutor.java:81)
	at com.kms.katalon.core.main.TestCaseMain.startTestSuite(TestCaseMain.java:149)
	at com.kms.katalon.core.main.TestCaseMain$startTestSuite$0.call(Unknown Source)
	at TempTestSuite1549021544741.run(TempTestSuite1549021544741.groovy:36)
"/>
         <system-out><![CDATA[2019-02-01 18:46:04 - [TEST_CASE][FAILED] - Test Cases/Registration_Page/Email_Registration/1.2/verify_user_signin_email_account: Test Cases/Registration_Page/Email_Registration/1.2/verify_user_signin_email_account FAILED.
Reason:
com.kms.katalon.core.exception.StepFailedException: Unable to wait for page load (Root cause: org.openqa.selenium.TimeoutException: Expected condition failed: waiting for com.kms.katalon.core.webui.keyword.builtin.WaitForPageLoadKeyword$1@2a22ad2b (tried for 3 second(s) with 500 MILLISECONDS interval))
	at com.kms.katalon.core.keyword.internal.KeywordMain.stepFailed(KeywordMain.groovy:36)
	at com.kms.katalon.core.webui.keyword.internal.WebUIKeywordMain.stepFailed(WebUIKeywordMain.groovy:65)
	at com.kms.katalon.core.webui.keyword.internal.WebUIKeywordMain.runKeyword(WebUIKeywordMain.groovy:27)
	at com.kms.katalon.core.webui.keyword.builtin.WaitForPageLoadKeyword.waitForPageLoad(WaitForPageLoadKeyword.groovy:72)
	at com.kms.katalon.core.webui.keyword.builtin.WaitForPageLoadKeyword.execute(WaitForPageLoadKeyword.groovy:67)
	at com.kms.katalon.core.keyword.internal.KeywordExecutor.executeKeywordForPlatform(KeywordExecutor.groovy:53)
	at com.kms.katalon.core.webui.keyword.WebUiBuiltInKeywords.waitForPageLoad(WebUiBuiltInKeywords.groovy:2427)
	at com.kms.katalon.core.webui.keyword.WebUiBuiltInKeywords$waitForPageLoad$6.call(Unknown Source)
	at verify_user_signin_email_account.run(verify_user_signin_email_account:44)
	at com.kms.katalon.core.main.ScriptEngine.run(ScriptEngine.java:194)
	at com.kms.katalon.core.main.ScriptEngine.runScriptAsRawText(ScriptEngine.java:119)
	at com.kms.katalon.core.main.TestCaseExecutor.runScript(TestCaseExecutor.java:328)
	at com.kms.katalon.core.main.TestCaseExecutor.doExecute(TestCaseExecutor.java:319)
	at com.kms.katalon.core.main.TestCaseExecutor.processExecutionPhase(TestCaseExecutor.java:298)
	at com.kms.katalon.core.main.TestCaseExecutor.accessMainPhase(TestCaseExecutor.java:290)
	at com.kms.katalon.core.main.TestCaseExecutor.execute(TestCaseExecutor.java:224)
	at com.kms.katalon.core.main.TestSuiteExecutor.accessTestCaseMainPhase(TestSuiteExecutor.java:129)
	at com.kms.katalon.core.main.TestSuiteExecutor.accessTestSuiteMainPhase(TestSuiteExecutor.java:112)
	at com.kms.katalon.core.main.TestSuiteExecutor.execute(TestSuiteExecutor.java:81)
	at com.kms.katalon.core.main.TestCaseMain.startTestSuite(TestCaseMain.java:149)
	at com.kms.katalon.core.main.TestCaseMain$startTestSuite$0.call(Unknown Source)
	at TempTestSuite1549021544741.run(TempTestSuite1549021544741.groovy:36)


2019-02-01 18:46:04 - [TEST_STEP][PASSED] - openBrowser(""): Browser is opened with url: ''

2019-02-01 18:46:07 - [MESSAGE][INFO] - Starting 'Chrome (headless)' driver

2019-02-01 18:46:08 - [MESSAGE][INFO] - Action delay is set to 1 seconds

2019-02-01 18:47:20 - [MESSAGE][PASSED] - Browser is opened with url: ''

2019-02-01 18:47:21 - [TEST_STEP][PASSED] - maximizeWindow(): Current window maximized

2019-02-01 18:47:28 - [MESSAGE][PASSED] - Current window maximized

2019-02-01 18:47:28 - [TEST_STEP][PASSED] - navigateToUrl("https://staging.adxasia.co.id/"): Navigate to 'https://staging.adxasia.co.id/' successfully

2019-02-01 18:49:28 - [MESSAGE][PASSED] - Navigate to 'https://staging.adxasia.co.id/' successfully

2019-02-01 18:49:30 - [TEST_STEP][PASSED] - click(findTestObject("1.1/Page_Home - ADX Asia/li_Sign In")): Object: 'Object Repository/1.1/Page_Home - ADX Asia/li_Sign In' is clicked on

2019-02-01 18:49:58 - [MESSAGE][PASSED] - Object: 'Object Repository/1.1/Page_Home - ADX Asia/li_Sign In' is clicked on

2019-02-01 18:49:58 - [TEST_STEP][PASSED] - setText(findTestObject("1.1/Page_Home - ADX Asia/input_email"), "mulkimul16@gmail.com"): Text 'mulkimul16@gmail.com' is set on object 'Object Repository/1.1/Page_Home - ADX Asia/input_email'

2019-02-01 18:50:14 - [MESSAGE][PASSED] - Text 'mulkimul16@gmail.com' is set on object 'Object Repository/1.1/Page_Home - ADX Asia/input_email'

2019-02-01 18:50:14 - [TEST_STEP][PASSED] - setEncryptedText(findTestObject("1.1/Page_Home - ADX Asia/input_Email_error"), "mn5hRviTc1hO3f41WUkJsA=="): Text ****** has been set on object 'Object Repository/1.1/Page_Home - ADX Asia/input_Email_error'

2019-02-01 18:50:20 - [MESSAGE][PASSED] - Text ****** has been set on object 'Object Repository/1.1/Page_Home - ADX Asia/input_Email_error'

2019-02-01 18:50:20 - [TEST_STEP][PASSED] - click(findTestObject("1.1/Page_Home - ADX Asia/button_Sign in")): Object: 'Object Repository/1.1/Page_Home - ADX Asia/button_Sign in' is clicked on

2019-02-01 18:50:26 - [MESSAGE][PASSED] - Object: 'Object Repository/1.1/Page_Home - ADX Asia/button_Sign in' is clicked on

2019-02-01 18:50:26 - [TEST_STEP][PASSED] - click(findTestObject("1.2/Page_Home - ADX Asia/button_Sign in with Google")): Object: 'Object Repository/1.2/Page_Home - ADX Asia/button_Sign in with Google' is clicked on

2019-02-01 18:50:39 - [MESSAGE][PASSED] - Object: 'Object Repository/1.2/Page_Home - ADX Asia/button_Sign in with Google' is clicked on

2019-02-01 18:50:39 - [TEST_STEP][PASSED] - delay(2): Delayed 2 second(s)

2019-02-01 18:50:41 - [MESSAGE][PASSED] - Delayed 2 second(s)

2019-02-01 18:50:41 - [TEST_STEP][PASSED] - switchToWindowTitle("Masuk - Akun Google", STOP_ON_FAILURE): Switched to window with title: 'Masuk - Akun Google'

2019-02-01 18:51:20 - [MESSAGE][PASSED] - Switched to window with title: 'Masuk - Akun Google'

2019-02-01 18:51:20 - [TEST_STEP][PASSED] - setText(findTestObject("1.2/Page_Masuk - Akun Google/input_gmail_account"), "mulkimul16@gmail.com"): Text 'mulkimul16@gmail.com' is set on object 'Object Repository/1.2/Page_Masuk - Akun Google/input_gmail_account'

2019-02-01 18:51:28 - [MESSAGE][PASSED] - Text 'mulkimul16@gmail.com' is set on object 'Object Repository/1.2/Page_Masuk - Akun Google/input_gmail_account'

2019-02-01 18:51:28 - [TEST_STEP][PASSED] - click(findTestObject("1.2/Page_Masuk - Akun Google/span_Berikutnya")): Object: 'Object Repository/1.2/Page_Masuk - Akun Google/span_Berikutnya' is clicked on

2019-02-01 18:51:31 - [MESSAGE][PASSED] - Object: 'Object Repository/1.2/Page_Masuk - Akun Google/span_Berikutnya' is clicked on

2019-02-01 18:51:31 - [TEST_STEP][PASSED] - setEncryptedText(findTestObject("1.2/Page_Masuk - Akun Google/input_password"), "14n9+UJqs0woiBvwapmKLg=="): Text ****** has been set on object 'Object Repository/1.2/Page_Masuk - Akun Google/input_password'

2019-02-01 18:51:34 - [MESSAGE][PASSED] - Text ****** has been set on object 'Object Repository/1.2/Page_Masuk - Akun Google/input_password'

2019-02-01 18:51:34 - [TEST_STEP][PASSED] - click(findTestObject("1.2/Page_Masuk - Akun Google/span_Berikutnya")): Object: 'Object Repository/1.2/Page_Masuk - Akun Google/span_Berikutnya' is clicked on

2019-02-01 18:51:36 - [MESSAGE][PASSED] - Object: 'Object Repository/1.2/Page_Masuk - Akun Google/span_Berikutnya' is clicked on

2019-02-01 18:51:36 - [TEST_STEP][FAILED] - waitForPageLoad(3): waitForPageLoad(3) FAILED.
Reason:
com.kms.katalon.core.exception.StepFailedException: Unable to wait for page load (Root cause: org.openqa.selenium.TimeoutException: Expected condition failed: waiting for com.kms.katalon.core.webui.keyword.builtin.WaitForPageLoadKeyword$1@2a22ad2b (tried for 3 second(s) with 500 MILLISECONDS interval))
	at com.kms.katalon.core.keyword.internal.KeywordMain.stepFailed(KeywordMain.groovy:36)
	at com.kms.katalon.core.webui.keyword.internal.WebUIKeywordMain.stepFailed(WebUIKeywordMain.groovy:65)
	at com.kms.katalon.core.webui.keyword.internal.WebUIKeywordMain.runKeyword(WebUIKeywordMain.groovy:27)
	at com.kms.katalon.core.webui.keyword.builtin.WaitForPageLoadKeyword.waitForPageLoad(WaitForPageLoadKeyword.groovy:72)
	at com.kms.katalon.core.webui.keyword.builtin.WaitForPageLoadKeyword.execute(WaitForPageLoadKeyword.groovy:67)
	at com.kms.katalon.core.keyword.internal.KeywordExecutor.executeKeywordForPlatform(KeywordExecutor.groovy:53)
	at com.kms.katalon.core.webui.keyword.WebUiBuiltInKeywords.waitForPageLoad(WebUiBuiltInKeywords.groovy:2427)
	at com.kms.katalon.core.webui.keyword.WebUiBuiltInKeywords$waitForPageLoad$6.call(Unknown Source)
	at verify_user_signin_email_account.run(verify_user_signin_email_account:44)
	at com.kms.katalon.core.main.ScriptEngine.run(ScriptEngine.java:194)
	at com.kms.katalon.core.main.ScriptEngine.runScriptAsRawText(ScriptEngine.java:119)
	at com.kms.katalon.core.main.TestCaseExecutor.runScript(TestCaseExecutor.java:328)
	at com.kms.katalon.core.main.TestCaseExecutor.doExecute(TestCaseExecutor.java:319)
	at com.kms.katalon.core.main.TestCaseExecutor.processExecutionPhase(TestCaseExecutor.java:298)
	at com.kms.katalon.core.main.TestCaseExecutor.accessMainPhase(TestCaseExecutor.java:290)
	at com.kms.katalon.core.main.TestCaseExecutor.execute(TestCaseExecutor.java:224)
	at com.kms.katalon.core.main.TestSuiteExecutor.accessTestCaseMainPhase(TestSuiteExecutor.java:129)
	at com.kms.katalon.core.main.TestSuiteExecutor.accessTestSuiteMainPhase(TestSuiteExecutor.java:112)
	at com.kms.katalon.core.main.TestSuiteExecutor.execute(TestSuiteExecutor.java:81)
	at com.kms.katalon.core.main.TestCaseMain.startTestSuite(TestCaseMain.java:149)
	at com.kms.katalon.core.main.TestCaseMain$startTestSuite$0.call(Unknown Source)
	at TempTestSuite1549021544741.run(TempTestSuite1549021544741.groovy:36)


2019-02-01 18:51:42 - [MESSAGE][WARNING] - Cannot take screenshot

2019-02-01 18:51:42 - [MESSAGE][FAILED] - Unable to wait for page load (Root cause: org.openqa.selenium.TimeoutException: Expected condition failed: waiting for com.kms.katalon.core.webui.keyword.builtin.WaitForPageLoadKeyword$1@2a22ad2b (tried for 3 second(s) with 500 MILLISECONDS interval))

2019-02-01 18:51:42 - [MESSAGE][FAILED] - waitForPageLoad(3) FAILED.
Reason:
com.kms.katalon.core.exception.StepFailedException: Unable to wait for page load (Root cause: org.openqa.selenium.TimeoutException: Expected condition failed: waiting for com.kms.katalon.core.webui.keyword.builtin.WaitForPageLoadKeyword$1@2a22ad2b (tried for 3 second(s) with 500 MILLISECONDS interval))
	at com.kms.katalon.core.keyword.internal.KeywordMain.stepFailed(KeywordMain.groovy:36)
	at com.kms.katalon.core.webui.keyword.internal.WebUIKeywordMain.stepFailed(WebUIKeywordMain.groovy:65)
	at com.kms.katalon.core.webui.keyword.internal.WebUIKeywordMain.runKeyword(WebUIKeywordMain.groovy:27)
	at com.kms.katalon.core.webui.keyword.builtin.WaitForPageLoadKeyword.waitForPageLoad(WaitForPageLoadKeyword.groovy:72)
	at com.kms.katalon.core.webui.keyword.builtin.WaitForPageLoadKeyword.execute(WaitForPageLoadKeyword.groovy:67)
	at com.kms.katalon.core.keyword.internal.KeywordExecutor.executeKeywordForPlatform(KeywordExecutor.groovy:53)
	at com.kms.katalon.core.webui.keyword.WebUiBuiltInKeywords.waitForPageLoad(WebUiBuiltInKeywords.groovy:2427)
	at com.kms.katalon.core.webui.keyword.WebUiBuiltInKeywords$waitForPageLoad$6.call(Unknown Source)
	at verify_user_signin_email_account.run(verify_user_signin_email_account:44)
	at com.kms.katalon.core.main.ScriptEngine.run(ScriptEngine.java:194)
	at com.kms.katalon.core.main.ScriptEngine.runScriptAsRawText(ScriptEngine.java:119)
	at com.kms.katalon.core.main.TestCaseExecutor.runScript(TestCaseExecutor.java:328)
	at com.kms.katalon.core.main.TestCaseExecutor.doExecute(TestCaseExecutor.java:319)
	at com.kms.katalon.core.main.TestCaseExecutor.processExecutionPhase(TestCaseExecutor.java:298)
	at com.kms.katalon.core.main.TestCaseExecutor.accessMainPhase(TestCaseExecutor.java:290)
	at com.kms.katalon.core.main.TestCaseExecutor.execute(TestCaseExecutor.java:224)
	at com.kms.katalon.core.main.TestSuiteExecutor.accessTestCaseMainPhase(TestSuiteExecutor.java:129)
	at com.kms.katalon.core.main.TestSuiteExecutor.accessTestSuiteMainPhase(TestSuiteExecutor.java:112)
	at com.kms.katalon.core.main.TestSuiteExecutor.execute(TestSuiteExecutor.java:81)
	at com.kms.katalon.core.main.TestCaseMain.startTestSuite(TestCaseMain.java:149)
	at com.kms.katalon.core.main.TestCaseMain$startTestSuite$0.call(Unknown Source)
	at TempTestSuite1549021544741.run(TempTestSuite1549021544741.groovy:36)]]></system-out>
         <system-err><![CDATA[2019-02-01 18:46:04 - [TEST_CASE][FAILED] - Test Cases/Registration_Page/Email_Registration/1.2/verify_user_signin_email_account: Test Cases/Registration_Page/Email_Registration/1.2/verify_user_signin_email_account FAILED.
Reason:
com.kms.katalon.core.exception.StepFailedException: Unable to wait for page load (Root cause: org.openqa.selenium.TimeoutException: Expected condition failed: waiting for com.kms.katalon.core.webui.keyword.builtin.WaitForPageLoadKeyword$1@2a22ad2b (tried for 3 second(s) with 500 MILLISECONDS interval))
	at com.kms.katalon.core.keyword.internal.KeywordMain.stepFailed(KeywordMain.groovy:36)
	at com.kms.katalon.core.webui.keyword.internal.WebUIKeywordMain.stepFailed(WebUIKeywordMain.groovy:65)
	at com.kms.katalon.core.webui.keyword.internal.WebUIKeywordMain.runKeyword(WebUIKeywordMain.groovy:27)
	at com.kms.katalon.core.webui.keyword.builtin.WaitForPageLoadKeyword.waitForPageLoad(WaitForPageLoadKeyword.groovy:72)
	at com.kms.katalon.core.webui.keyword.builtin.WaitForPageLoadKeyword.execute(WaitForPageLoadKeyword.groovy:67)
	at com.kms.katalon.core.keyword.internal.KeywordExecutor.executeKeywordForPlatform(KeywordExecutor.groovy:53)
	at com.kms.katalon.core.webui.keyword.WebUiBuiltInKeywords.waitForPageLoad(WebUiBuiltInKeywords.groovy:2427)
	at com.kms.katalon.core.webui.keyword.WebUiBuiltInKeywords$waitForPageLoad$6.call(Unknown Source)
	at verify_user_signin_email_account.run(verify_user_signin_email_account:44)
	at com.kms.katalon.core.main.ScriptEngine.run(ScriptEngine.java:194)
	at com.kms.katalon.core.main.ScriptEngine.runScriptAsRawText(ScriptEngine.java:119)
	at com.kms.katalon.core.main.TestCaseExecutor.runScript(TestCaseExecutor.java:328)
	at com.kms.katalon.core.main.TestCaseExecutor.doExecute(TestCaseExecutor.java:319)
	at com.kms.katalon.core.main.TestCaseExecutor.processExecutionPhase(TestCaseExecutor.java:298)
	at com.kms.katalon.core.main.TestCaseExecutor.accessMainPhase(TestCaseExecutor.java:290)
	at com.kms.katalon.core.main.TestCaseExecutor.execute(TestCaseExecutor.java:224)
	at com.kms.katalon.core.main.TestSuiteExecutor.accessTestCaseMainPhase(TestSuiteExecutor.java:129)
	at com.kms.katalon.core.main.TestSuiteExecutor.accessTestSuiteMainPhase(TestSuiteExecutor.java:112)
	at com.kms.katalon.core.main.TestSuiteExecutor.execute(TestSuiteExecutor.java:81)
	at com.kms.katalon.core.main.TestCaseMain.startTestSuite(TestCaseMain.java:149)
	at com.kms.katalon.core.main.TestCaseMain$startTestSuite$0.call(Unknown Source)
	at TempTestSuite1549021544741.run(TempTestSuite1549021544741.groovy:36)]]></system-err>
      </testcase>
      <system-out><![CDATA[2019-02-01 18:46:03 - [TEST_SUITE][FAILED] - TestSuites_2: Test Cases/Registration_Page/Email_Registration/1.2/verify_user_signin_email_account FAILED.
Reason:
com.kms.katalon.core.exception.StepFailedException: Unable to wait for page load (Root cause: org.openqa.selenium.TimeoutException: Expected condition failed: waiting for com.kms.katalon.core.webui.keyword.builtin.WaitForPageLoadKeyword$1@2a22ad2b (tried for 3 second(s) with 500 MILLISECONDS interval))
	at com.kms.katalon.core.keyword.internal.KeywordMain.stepFailed(KeywordMain.groovy:36)
	at com.kms.katalon.core.webui.keyword.internal.WebUIKeywordMain.stepFailed(WebUIKeywordMain.groovy:65)
	at com.kms.katalon.core.webui.keyword.internal.WebUIKeywordMain.runKeyword(WebUIKeywordMain.groovy:27)
	at com.kms.katalon.core.webui.keyword.builtin.WaitForPageLoadKeyword.waitForPageLoad(WaitForPageLoadKeyword.groovy:72)
	at com.kms.katalon.core.webui.keyword.builtin.WaitForPageLoadKeyword.execute(WaitForPageLoadKeyword.groovy:67)
	at com.kms.katalon.core.keyword.internal.KeywordExecutor.executeKeywordForPlatform(KeywordExecutor.groovy:53)
	at com.kms.katalon.core.webui.keyword.WebUiBuiltInKeywords.waitForPageLoad(WebUiBuiltInKeywords.groovy:2427)
	at com.kms.katalon.core.webui.keyword.WebUiBuiltInKeywords$waitForPageLoad$6.call(Unknown Source)
	at verify_user_signin_email_account.run(verify_user_signin_email_account:44)
	at com.kms.katalon.core.main.ScriptEngine.run(ScriptEngine.java:194)
	at com.kms.katalon.core.main.ScriptEngine.runScriptAsRawText(ScriptEngine.java:119)
	at com.kms.katalon.core.main.TestCaseExecutor.runScript(TestCaseExecutor.java:328)
	at com.kms.katalon.core.main.TestCaseExecutor.doExecute(TestCaseExecutor.java:319)
	at com.kms.katalon.core.main.TestCaseExecutor.processExecutionPhase(TestCaseExecutor.java:298)
	at com.kms.katalon.core.main.TestCaseExecutor.accessMainPhase(TestCaseExecutor.java:290)
	at com.kms.katalon.core.main.TestCaseExecutor.execute(TestCaseExecutor.java:224)
	at com.kms.katalon.core.main.TestSuiteExecutor.accessTestCaseMainPhase(TestSuiteExecutor.java:129)
	at com.kms.katalon.core.main.TestSuiteExecutor.accessTestSuiteMainPhase(TestSuiteExecutor.java:112)
	at com.kms.katalon.core.main.TestSuiteExecutor.execute(TestSuiteExecutor.java:81)
	at com.kms.katalon.core.main.TestCaseMain.startTestSuite(TestCaseMain.java:149)
	at com.kms.katalon.core.main.TestCaseMain$startTestSuite$0.call(Unknown Source)
	at TempTestSuite1549021544741.run(TempTestSuite1549021544741.groovy:36)]]></system-out>
      <system-err><![CDATA[2019-02-01 18:46:03 - [TEST_SUITE][FAILED] - TestSuites_2: Test Cases/Registration_Page/Email_Registration/1.2/verify_user_signin_email_account FAILED.
Reason:
com.kms.katalon.core.exception.StepFailedException: Unable to wait for page load (Root cause: org.openqa.selenium.TimeoutException: Expected condition failed: waiting for com.kms.katalon.core.webui.keyword.builtin.WaitForPageLoadKeyword$1@2a22ad2b (tried for 3 second(s) with 500 MILLISECONDS interval))
	at com.kms.katalon.core.keyword.internal.KeywordMain.stepFailed(KeywordMain.groovy:36)
	at com.kms.katalon.core.webui.keyword.internal.WebUIKeywordMain.stepFailed(WebUIKeywordMain.groovy:65)
	at com.kms.katalon.core.webui.keyword.internal.WebUIKeywordMain.runKeyword(WebUIKeywordMain.groovy:27)
	at com.kms.katalon.core.webui.keyword.builtin.WaitForPageLoadKeyword.waitForPageLoad(WaitForPageLoadKeyword.groovy:72)
	at com.kms.katalon.core.webui.keyword.builtin.WaitForPageLoadKeyword.execute(WaitForPageLoadKeyword.groovy:67)
	at com.kms.katalon.core.keyword.internal.KeywordExecutor.executeKeywordForPlatform(KeywordExecutor.groovy:53)
	at com.kms.katalon.core.webui.keyword.WebUiBuiltInKeywords.waitForPageLoad(WebUiBuiltInKeywords.groovy:2427)
	at com.kms.katalon.core.webui.keyword.WebUiBuiltInKeywords$waitForPageLoad$6.call(Unknown Source)
	at verify_user_signin_email_account.run(verify_user_signin_email_account:44)
	at com.kms.katalon.core.main.ScriptEngine.run(ScriptEngine.java:194)
	at com.kms.katalon.core.main.ScriptEngine.runScriptAsRawText(ScriptEngine.java:119)
	at com.kms.katalon.core.main.TestCaseExecutor.runScript(TestCaseExecutor.java:328)
	at com.kms.katalon.core.main.TestCaseExecutor.doExecute(TestCaseExecutor.java:319)
	at com.kms.katalon.core.main.TestCaseExecutor.processExecutionPhase(TestCaseExecutor.java:298)
	at com.kms.katalon.core.main.TestCaseExecutor.accessMainPhase(TestCaseExecutor.java:290)
	at com.kms.katalon.core.main.TestCaseExecutor.execute(TestCaseExecutor.java:224)
	at com.kms.katalon.core.main.TestSuiteExecutor.accessTestCaseMainPhase(TestSuiteExecutor.java:129)
	at com.kms.katalon.core.main.TestSuiteExecutor.accessTestSuiteMainPhase(TestSuiteExecutor.java:112)
	at com.kms.katalon.core.main.TestSuiteExecutor.execute(TestSuiteExecutor.java:81)
	at com.kms.katalon.core.main.TestCaseMain.startTestSuite(TestCaseMain.java:149)
	at com.kms.katalon.core.main.TestCaseMain$startTestSuite$0.call(Unknown Source)
	at TempTestSuite1549021544741.run(TempTestSuite1549021544741.groovy:36)]]></system-err>
   </testsuite>
</testsuites>
